<?xml version="1.0" encoding="UTF-8"?>
<!-- Generated by org.testng.reporters.JUnitXMLReporter -->
<testsuite ignored="0" hostname="DESKTOP-1M8LC7B" failures="0" tests="3" name="Test" time="0.047" errors="0" timestamp="14 Jul 2021 10:42:55 GMT">
  <testcase classname="qaclickAcademy.Mavenjava.UITest" name="ty" time="0.014"/>
  <testcase classname="qaclickAcademy.Mavenjava.AppTest" name="shouldAnswerWithTrue" time="0.0"/>
  <testcase classname="qaclickAcademy.Mavenjava.AppmumTest" name="m1" time="0.0"/>
</testsuite> <!-- Test -->
