<?xml version="1.0" encoding="UTF-8"?>
<testsuite xmlns:xsi="http://www.w3.org/2001/XMLSchema-instance" xsi:noNamespaceSchemaLocation="https://maven.apache.org/surefire/maven-surefire-plugin/xsd/surefire-test-report-3.0.xsd" version="3.0" name="TestSuite" time="1.626" tests="3" errors="0" skipped="0" failures="0">
  <properties>
[...]
</properties>
  <testcase name="ty" classname="qaclickAcademy.Mavenjava.UITest" time="0.004">
    <system-out><![CDATA[[TestNGContentHandler] [WARN] It is strongly recommended to add "<!DOCTYPE suite SYSTEM "http://testng.org/testng-1.0.dtd" >" at the top of your file, otherwise TestNG may fail or not work as expected.
ui
]]></system-out>
  </testcase>
  <testcase name="shouldAnswerWithTrue" classname="qaclickAcademy.Mavenjava.AppTest" time="0.001">
    <system-out><![CDATA[abha
]]></system-out>
  </testcase>
  <testcase name="m1" classname="qaclickAcademy.Mavenjava.AppmumTest" time="0.001">
    <system-out><![CDATA[Appmum
]]></system-out>
  </testcase>
</testsuite>