<?xml version="1.0" encoding="UTF-8"?>
<testng-results ignored="0" total="3" passed="3" failed="0" skipped="0">
  <reporter-output>
  </reporter-output>
  <suite started-at="2021-07-14T10:42:55Z" name="Suite" finished-at="2021-07-14T10:42:55Z" duration-ms="47">
    <groups>
    </groups>
    <test started-at="2021-07-14T10:42:55Z" name="Test" finished-at="2021-07-14T10:42:55Z" duration-ms="47">
      <class name="qaclickAcademy.Mavenjava.AppmumTest">
        <test-method signature="m1()[pri:0, instance:qaclickAcademy.Mavenjava.AppmumTest@1151e434]" started-at="2021-07-14T10:42:55Z" name="m1" finished-at="2021-07-14T10:42:55Z" duration-ms="0" status="PASS">
          <reporter-output>
          </reporter-output>
        </test-method> <!-- m1 -->
      </class> <!-- qaclickAcademy.Mavenjava.AppmumTest -->
      <class name="qaclickAcademy.Mavenjava.UITest">
        <test-method signature="ty()[pri:0, instance:qaclickAcademy.Mavenjava.UITest@26e356f0]" started-at="2021-07-14T10:42:55Z" name="ty" finished-at="2021-07-14T10:42:55Z" duration-ms="14" status="PASS">
          <reporter-output>
          </reporter-output>
        </test-method> <!-- ty -->
      </class> <!-- qaclickAcademy.Mavenjava.UITest -->
      <class name="qaclickAcademy.Mavenjava.AppTest">
        <test-method signature="shouldAnswerWithTrue()[pri:0, instance:qaclickAcademy.Mavenjava.AppTest@1b11171f]" started-at="2021-07-14T10:42:55Z" name="shouldAnswerWithTrue" finished-at="2021-07-14T10:42:55Z" duration-ms="0" status="PASS">
          <reporter-output>
          </reporter-output>
        </test-method> <!-- shouldAnswerWithTrue -->
      </class> <!-- qaclickAcademy.Mavenjava.AppTest -->
    </test> <!-- Test -->
  </suite> <!-- Suite -->
</testng-results>
